<?xml version="1.0" encoding="UTF-8"?>
<testsuite name="FizzBuzzTest" tests="1" skipped="0" failures="0" errors="0" timestamp="2022-09-01T16:31:50" hostname="Jophies-MacBook-Pro.local" time="0.014">
  <properties/>
  <testcase name="testFizzBuzz()" classname="FizzBuzzTest" time="0.014"/>
  <system-out><![CDATA[]]></system-out>
  <system-err><![CDATA[]]></system-err>
</testsuite>
